<?xml version="1.0" encoding="UTF-8"?>
<!-- Generated by org.testng.reporters.JUnitReportReporter -->
<testsuite hostname="GBLEEF0NB101X95" failures="0" tests="6" name="restAssured_Scripts.DynamicJson" time="4.107" errors="0" timestamp="2023-01-27T14:52:51 GMT" skipped="0">
  <testcase classname="restAssured_Scripts.DynamicJson" name="dynamicAddJson" time="2.316"/>
  <system-out/>
  <testcase classname="restAssured_Scripts.DynamicJson" name="dynamicDeleteJson" time="0.316"/>
  <system-out/>
  <testcase classname="restAssured_Scripts.DynamicJson" name="dynamicDeleteJson" time="0.344"/>
  <system-out/>
  <testcase classname="restAssured_Scripts.DynamicJson" name="dynamicDeleteJson" time="0.334"/>
  <system-out/>
  <testcase classname="restAssured_Scripts.DynamicJson" name="dynamicAddJson" time="0.408"/>
  <system-out/>
  <testcase classname="restAssured_Scripts.DynamicJson" name="dynamicAddJson" time="0.389"/>
  <system-out/>
</testsuite> <!-- restAssured_Scripts.DynamicJson -->
