<?xml version="1.0" encoding="UTF-8"?>
<!-- Generated by org.testng.reporters.JUnitReportReporter -->
<testsuite hostname="GBLEEF0NB101X95" failures="0" tests="1" name="restAssured_Scripts.SumValidation" time="1.348" errors="0" timestamp="2023-01-27T12:04:06 GMT" skipped="0">
  <testcase classname="restAssured_Scripts.SumValidation" name="sumOfCourses" time="1.348"/>
  <system-out/>
</testsuite> <!-- restAssured_Scripts.SumValidation -->
